# JRE version: OpenJDK Runtime Environment (8.0_152-b02) (build 1.8.0_152-release-1024-b02)
# Java VM: OpenJDK 64-Bit Server VM (25.152-b02 mixed mode windows-amd64 compressed oops)
Heap:
 PSYoungGen      total 181248K, used 139125K [0x00000000e0000000, 0x00000000ef180000, 0x0000000100000000)
  eden space 131584K, 69% used [0x00000000e0000000,0x00000000e5976d10,0x00000000e8080000)
  from space 49664K, 95% used [0x00000000eb780000,0x00000000ee5e67b0,0x00000000ee800000)
  to   space 56320K, 0% used [0x00000000e8080000,0x00000000e8080000,0x00000000eb780000)
 ParOldGen       total 145408K, used 52986K [0x00000000a0000000, 0x00000000a8e00000, 0x00000000e0000000)
  object space 145408K, 36% used [0x00000000a0000000,0x00000000a33be9d8,0x00000000a8e00000)
 Metaspace       used 88850K, capacity 92580K, committed 92760K, reserved 1130496K
  class space    used 11243K, capacity 12103K, committed 12160K, reserved 1048576K
GC Heap History (10 events):
Event: 6479.364 GC heap before
{Heap before GC invocations=21 (full 3):
 PSYoungGen      total 181760K, used 181744K [0x00000000e0000000, 0x00000000ee100000, 0x0000000100000000)
  eden space 156160K, 100% used [0x00000000e0000000,0x00000000e9880000,0x00000000e9880000)
  from space 25600K, 99% used [0x00000000e9880000,0x00000000eb17c150,0x00000000eb180000)
  to   space 30208K, 0% used [0x00000000ec380000,0x00000000ec380000,0x00000000ee100000)
 ParOldGen       total 145408K, used 38398K [0x00000000a0000000, 0x00000000a8e00000, 0x00000000e0000000)
  object space 145408K, 26% used [0x00000000a0000000,0x00000000a257fb58,0x00000000a8e00000)
 Metaspace       used 70422K, capacity 73172K, committed 73304K, reserved 1112064K
  class space    used 9127K, capacity 9825K, committed 9856K, reserved 1048576K
Event: 6479.536 GC heap after
Heap after GC invocations=21 (full 3):
 PSYoungGen      total 181760K, used 30193K [0x00000000e0000000, 0x00000000ee100000, 0x0000000100000000)
  eden space 151552K, 0% used [0x00000000e0000000,0x00000000e0000000,0x00000000e9400000)
  from space 30208K, 99% used [0x00000000ec380000,0x00000000ee0fc620,0x00000000ee100000)
  to   space 35840K, 0% used [0x00000000e9b00000,0x00000000e9b00000,0x00000000ebe00000)
 ParOldGen       total 145408K, used 42167K [0x00000000a0000000, 0x00000000a8e00000, 0x00000000e0000000)
  object space 145408K, 28% used [0x00000000a0000000,0x00000000a292df28,0x00000000a8e00000)
 Metaspace       used 70422K, capacity 73172K, committed 73304K, reserved 1112064K
  class space    used 9127K, capacity 9825K, committed 9856K, reserved 1048576K
}
Event: 6497.139 GC heap before
{Heap before GC invocations=22 (full 3):
 PSYoungGen      total 181760K, used 181409K [0x00000000e0000000, 0x00000000ee100000, 0x0000000100000000)
  eden space 151552K, 99% used [0x00000000e0000000,0x00000000e93abe38,0x00000000e9400000)
  from space 30208K, 99% used [0x00000000ec380000,0x00000000ee0fc620,0x00000000ee100000)
  to   space 35840K, 0% used [0x00000000e9b00000,0x00000000e9b00000,0x00000000ebe00000)
 ParOldGen       total 145408K, used 42167K [0x00000000a0000000, 0x00000000a8e00000, 0x00000000e0000000)
  object space 145408K, 28% used [0x00000000a0000000,0x00000000a292df28,0x00000000a8e00000)
 Metaspace       used 78156K, capacity 81064K, committed 81112K, reserved 1120256K
  class space    used 10028K, capacity 10741K, committed 10752K, reserved 1048576K
Event: 6497.196 GC heap after
Heap after GC invocations=22 (full 3):
 PSYoungGen      total 175104K, used 27503K [0x00000000e0000000, 0x00000000edb00000, 0x0000000100000000)
  eden space 147456K, 0% used [0x00000000e0000000,0x00000000e0000000,0x00000000e9000000)
  from space 27648K, 99% used [0x00000000e9b00000,0x00000000eb5dbf88,0x00000000eb600000)
  to   space 37888K, 0% used [0x00000000eb600000,0x00000000eb600000,0x00000000edb00000)
 ParOldGen       total 145408K, used 52962K [0x00000000a0000000, 0x00000000a8e00000, 0x00000000e0000000)
  object space 145408K, 36% used [0x00000000a0000000,0x00000000a33b89d8,0x00000000a8e00000)
 Metaspace       used 78156K, capacity 81064K, committed 81112K, reserved 1120256K
  class space    used 10028K, capacity 10741K, committed 10752K, reserved 1048576K
}
Event: 6667.223 GC heap before
{Heap before GC invocations=23 (full 3):
 PSYoungGen      total 175104K, used 174959K [0x00000000e0000000, 0x00000000edb00000, 0x0000000100000000)
  eden space 147456K, 100% used [0x00000000e0000000,0x00000000e9000000,0x00000000e9000000)
  from space 27648K, 99% used [0x00000000e9b00000,0x00000000eb5dbf88,0x00000000eb600000)
  to   space 37888K, 0% used [0x00000000eb600000,0x00000000eb600000,0x00000000edb00000)
 ParOldGen       total 145408K, used 52962K [0x00000000a0000000, 0x00000000a8e00000, 0x00000000e0000000)
  object space 145408K, 36% used [0x00000000a0000000,0x00000000a33b89d8,0x00000000a8e00000)
 Metaspace       used 79686K, capacity 82662K, committed 82904K, reserved 1122304K
  class space    used 10160K, capacity 10884K, committed 11008K, reserved 1048576K
Event: 6667.300 GC heap after
Heap after GC invocations=23 (full 3):
 PSYoungGen      total 180224K, used 37636K [0x00000000e0000000, 0x00000000ee200000, 0x0000000100000000)
  eden space 142336K, 0% used [0x00000000e0000000,0x00000000e0000000,0x00000000e8b00000)
  from space 37888K, 99% used [0x00000000eb600000,0x00000000edac12d8,0x00000000edb00000)
  to   space 44032K, 0% used [0x00000000e8b00000,0x00000000e8b00000,0x00000000eb600000)
 ParOldGen       total 145408K, used 52970K [0x00000000a0000000, 0x00000000a8e00000, 0x00000000e0000000)
  object space 145408K, 36% used [0x00000000a0000000,0x00000000a33ba9d8,0x00000000a8e00000)
 Metaspace       used 79686K, capacity 82662K, committed 82904K, reserved 1122304K
  class space    used 10160K, capacity 10884K, committed 11008K, reserved 1048576K
}
Event: 6674.173 GC heap before
{Heap before GC invocations=24 (full 3):
 PSYoungGen      total 180224K, used 179972K [0x00000000e0000000, 0x00000000ee200000, 0x0000000100000000)
  eden space 142336K, 100% used [0x00000000e0000000,0x00000000e8b00000,0x00000000e8b00000)
  from space 37888K, 99% used [0x00000000eb600000,0x00000000edac12d8,0x00000000edb00000)
  to   space 44032K, 0% used [0x00000000e8b00000,0x00000000e8b00000,0x00000000eb600000)
 ParOldGen       total 145408K, used 52970K [0x00000000a0000000, 0x00000000a8e00000, 0x00000000e0000000)
  object space 145408K, 36% used [0x00000000a0000000,0x00000000a33ba9d8,0x00000000a8e00000)
 Metaspace       used 79996K, capacity 83012K, committed 83160K, reserved 1122304K
  class space    used 10168K, capacity 10899K, committed 11008K, reserved 1048576K
Event: 6674.230 GC heap after
Heap after GC invocations=24 (full 3):
 PSYoungGen      total 182272K, used 40906K [0x00000000e0000000, 0x00000000ee800000, 0x0000000100000000)
  eden space 138240K, 0% used [0x00000000e0000000,0x00000000e0000000,0x00000000e8700000)
  from space 44032K, 92% used [0x00000000e8b00000,0x00000000eb2f2918,0x00000000eb600000)
  to   space 49664K, 0% used [0x00000000eb780000,0x00000000eb780000,0x00000000ee800000)
 ParOldGen       total 145408K, used 52978K [0x00000000a0000000, 0x00000000a8e00000, 0x00000000e0000000)
  object space 145408K, 36% used [0x00000000a0000000,0x00000000a33bc9d8,0x00000000a8e00000)
 Metaspace       used 79996K, capacity 83012K, committed 83160K, reserved 1122304K
  class space    used 10168K, capacity 10899K, committed 11008K, reserved 1048576K
}
Event: 6680.462 GC heap before
{Heap before GC invocations=25 (full 3):
 PSYoungGen      total 182272K, used 179146K [0x00000000e0000000, 0x00000000ee800000, 0x0000000100000000)
  eden space 138240K, 100% used [0x00000000e0000000,0x00000000e8700000,0x00000000e8700000)
  from space 44032K, 92% used [0x00000000e8b00000,0x00000000eb2f2918,0x00000000eb600000)
  to   space 49664K, 0% used [0x00000000eb780000,0x00000000eb780000,0x00000000ee800000)
 ParOldGen       total 145408K, used 52978K [0x00000000a0000000, 0x00000000a8e00000, 0x00000000e0000000)
  object space 145408K, 36% used [0x00000000a0000000,0x00000000a33bc9d8,0x00000000a8e00000)
 Metaspace       used 88133K, capacity 91810K, committed 91992K, reserved 1128448K
  class space    used 11182K, capacity 12034K, committed 12160K, reserved 1048576K
Event: 6680.561 GC heap after
Heap after GC invocations=25 (full 3):
 PSYoungGen      total 181248K, used 47513K [0x00000000e0000000, 0x00000000ef180000, 0x0000000100000000)
  eden space 131584K, 0% used [0x00000000e0000000,0x00000000e0000000,0x00000000e8080000)
  from space 49664K, 95% used [0x00000000eb780000,0x00000000ee5e67b0,0x00000000ee800000)
  to   space 56320K, 0% used [0x00000000e8080000,0x00000000e8080000,0x00000000eb780000)
 ParOldGen       total 145408K, used 52986K [0x00000000a0000000, 0x00000000a8e00000, 0x00000000e0000000)
  object space 145408K, 36% used [0x00000000a0000000,0x00000000a33be9d8,0x00000000a8e00000)
 Metaspace       used 88133K, capacity 91810K, committed 91992K, reserved 1128448K
  class space    used 11182K, capacity 12034K, committed 12160K, reserved 1048576K
}

